# JRE version: OpenJDK Runtime Environment (8.0_242-b01) (build 1.8.0_242-release-1644-b01)
# Java VM: OpenJDK 64-Bit Server VM (25.242-b01 mixed mode windows-amd64 compressed oops)
Heap:
 PSYoungGen      total 173568K, used 72301K [0x00000000e0000000, 0x00000000ee080000, 0x0000000100000000)
  eden space 152064K, 33% used [0x00000000e0000000,0x00000000e319d128,0x00000000e9480000)
  from space 21504K, 99% used [0x00000000eb200000,0x00000000ec6fe488,0x00000000ec700000)
  to   space 30208K, 0% used [0x00000000e9480000,0x00000000e9480000,0x00000000eb200000)
 ParOldGen       total 261632K, used 51090K [0x00000000a0000000, 0x00000000aff80000, 0x00000000e0000000)
  object space 261632K, 19% used [0x00000000a0000000,0x00000000a31e4ab0,0x00000000aff80000)
 Metaspace       used 70577K, capacity 73188K, committed 73496K, reserved 1112064K
  class space    used 9350K, capacity 9937K, committed 10024K, reserved 1048576K
GC Heap History (10 events):
Event: 10.154 GC heap before
{Heap before GC invocations=11 (full 2):
 PSYoungGen      total 140800K, used 93252K [0x00000000e0000000, 0x00000000ea080000, 0x0000000100000000)
  eden space 125952K, 62% used [0x00000000e0000000,0x00000000e4c93f10,0x00000000e7b00000)
  from space 14848K, 99% used [0x00000000e8c00000,0x00000000e9a7d470,0x00000000e9a80000)
  to   space 17408K, 0% used [0x00000000e7b00000,0x00000000e7b00000,0x00000000e8c00000)
 ParOldGen       total 175104K, used 20932K [0x00000000a0000000, 0x00000000aab00000, 0x00000000e0000000)
  object space 175104K, 11% used [0x00000000a0000000,0x00000000a14710b8,0x00000000aab00000)
 Metaspace       used 57558K, capacity 59148K, committed 59160K, reserved 1099776K
  class space    used 7818K, capacity 8225K, committed 8232K, reserved 1048576K
Event: 10.175 GC heap after
Heap after GC invocations=11 (full 2):
 PSYoungGen      total 143360K, used 17383K [0x00000000e0000000, 0x00000000ec100000, 0x0000000100000000)
  eden space 125952K, 0% used [0x00000000e0000000,0x00000000e0000000,0x00000000e7b00000)
  from space 17408K, 99% used [0x00000000e7b00000,0x00000000e8bf9d38,0x00000000e8c00000)
  to   space 19968K, 0% used [0x00000000ead80000,0x00000000ead80000,0x00000000ec100000)
 ParOldGen       total 175104K, used 22456K [0x00000000a0000000, 0x00000000aab00000, 0x00000000e0000000)
  object space 175104K, 12% used [0x00000000a0000000,0x00000000a15ee0b8,0x00000000aab00000)
 Metaspace       used 57558K, capacity 59148K, committed 59160K, reserved 1099776K
  class space    used 7818K, capacity 8225K, committed 8232K, reserved 1048576K
}
Event: 10.175 GC heap before
{Heap before GC invocations=12 (full 3):
 PSYoungGen      total 143360K, used 17383K [0x00000000e0000000, 0x00000000ec100000, 0x0000000100000000)
  eden space 125952K, 0% used [0x00000000e0000000,0x00000000e0000000,0x00000000e7b00000)
  from space 17408K, 99% used [0x00000000e7b00000,0x00000000e8bf9d38,0x00000000e8c00000)
  to   space 19968K, 0% used [0x00000000ead80000,0x00000000ead80000,0x00000000ec100000)
 ParOldGen       total 175104K, used 22456K [0x00000000a0000000, 0x00000000aab00000, 0x00000000e0000000)
  object space 175104K, 12% used [0x00000000a0000000,0x00000000a15ee0b8,0x00000000aab00000)
 Metaspace       used 57558K, capacity 59148K, committed 59160K, reserved 1099776K
  class space    used 7818K, capacity 8225K, committed 8232K, reserved 1048576K
Event: 10.337 GC heap after
Heap after GC invocations=12 (full 3):
 PSYoungGen      total 143360K, used 0K [0x00000000e0000000, 0x00000000ec100000, 0x0000000100000000)
  eden space 125952K, 0% used [0x00000000e0000000,0x00000000e0000000,0x00000000e7b00000)
  from space 17408K, 0% used [0x00000000e7b00000,0x00000000e7b00000,0x00000000e8c00000)
  to   space 19968K, 0% used [0x00000000ead80000,0x00000000ead80000,0x00000000ec100000)
 ParOldGen       total 261632K, used 34793K [0x00000000a0000000, 0x00000000aff80000, 0x00000000e0000000)
  object space 261632K, 13% used [0x00000000a0000000,0x00000000a21fa460,0x00000000aff80000)
 Metaspace       used 57558K, capacity 59148K, committed 59160K, reserved 1099776K
  class space    used 7818K, capacity 8225K, committed 8232K, reserved 1048576K
}
Event: 12.260 GC heap before
{Heap before GC invocations=13 (full 3):
 PSYoungGen      total 143360K, used 125952K [0x00000000e0000000, 0x00000000ec100000, 0x0000000100000000)
  eden space 125952K, 100% used [0x00000000e0000000,0x00000000e7b00000,0x00000000e7b00000)
  from space 17408K, 0% used [0x00000000e7b00000,0x00000000e7b00000,0x00000000e8c00000)
  to   space 19968K, 0% used [0x00000000ead80000,0x00000000ead80000,0x00000000ec100000)
 ParOldGen       total 261632K, used 34793K [0x00000000a0000000, 0x00000000aff80000, 0x00000000e0000000)
  object space 261632K, 13% used [0x00000000a0000000,0x00000000a21fa460,0x00000000aff80000)
 Metaspace       used 60249K, capacity 62594K, committed 62744K, reserved 1103872K
  class space    used 8229K, capacity 8698K, committed 8744K, reserved 1048576K
Event: 12.266 GC heap after
Heap after GC invocations=13 (full 3):
 PSYoungGen      total 157696K, used 13863K [0x00000000e0000000, 0x00000000ebb80000, 0x0000000100000000)
  eden space 143360K, 0% used [0x00000000e0000000,0x00000000e0000000,0x00000000e8c00000)
  from space 14336K, 96% used [0x00000000ead80000,0x00000000ebb09d58,0x00000000ebb80000)
  to   space 19968K, 0% used [0x00000000e9480000,0x00000000e9480000,0x00000000ea800000)
 ParOldGen       total 261632K, used 34801K [0x00000000a0000000, 0x00000000aff80000, 0x00000000e0000000)
  object space 261632K, 13% used [0x00000000a0000000,0x00000000a21fc460,0x00000000aff80000)
 Metaspace       used 60249K, capacity 62594K, committed 62744K, reserved 1103872K
  class space    used 8229K, capacity 8698K, committed 8744K, reserved 1048576K
}
Event: 14.883 GC heap before
{Heap before GC invocations=14 (full 3):
 PSYoungGen      total 157696K, used 157223K [0x00000000e0000000, 0x00000000ebb80000, 0x0000000100000000)
  eden space 143360K, 100% used [0x00000000e0000000,0x00000000e8c00000,0x00000000e8c00000)
  from space 14336K, 96% used [0x00000000ead80000,0x00000000ebb09d58,0x00000000ebb80000)
  to   space 19968K, 0% used [0x00000000e9480000,0x00000000e9480000,0x00000000ea800000)
 ParOldGen       total 261632K, used 34801K [0x00000000a0000000, 0x00000000aff80000, 0x00000000e0000000)
  object space 261632K, 13% used [0x00000000a0000000,0x00000000a21fc460,0x00000000aff80000)
 Metaspace       used 63467K, capacity 65950K, committed 66200K, reserved 1105920K
  class space    used 8582K, capacity 9102K, committed 9128K, reserved 1048576K
Event: 14.890 GC heap after
Heap after GC invocations=14 (full 3):
 PSYoungGen      total 172032K, used 18018K [0x00000000e0000000, 0x00000000ec700000, 0x0000000100000000)
  eden space 152064K, 0% used [0x00000000e0000000,0x00000000e0000000,0x00000000e9480000)
  from space 19968K, 90% used [0x00000000e9480000,0x00000000ea618be8,0x00000000ea800000)
  to   space 21504K, 0% used [0x00000000eb200000,0x00000000eb200000,0x00000000ec700000)
 ParOldGen       total 261632K, used 34809K [0x00000000a0000000, 0x00000000aff80000, 0x00000000e0000000)
  object space 261632K, 13% used [0x00000000a0000000,0x00000000a21fe460,0x00000000aff80000)
 Metaspace       used 63467K, capacity 65950K, committed 66200K, reserved 1105920K
  class space    used 8582K, capacity 9102K, committed 9128K, reserved 1048576K
}
Event: 18.981 GC heap before
{Heap before GC invocations=15 (full 3):
 PSYoungGen      total 172032K, used 170082K [0x00000000e0000000, 0x00000000ec700000, 0x0000000100000000)
  eden space 152064K, 100% used [0x00000000e0000000,0x00000000e9480000,0x00000000e9480000)
  from space 19968K, 90% used [0x00000000e9480000,0x00000000ea618be8,0x00000000ea800000)
  to   space 21504K, 0% used [0x00000000eb200000,0x00000000eb200000,0x00000000ec700000)
 ParOldGen       total 261632K, used 34809K [0x00000000a0000000, 0x00000000aff80000, 0x00000000e0000000)
  object space 261632K, 13% used [0x00000000a0000000,0x00000000a21fe460,0x00000000aff80000)
 Metaspace       used 68867K, capacity 71388K, committed 71576K, reserved 1112064K
  class space    used 9221K, capacity 9807K, committed 9896K, reserved 1048576K
Event: 18.994 GC heap after
Heap after GC invocations=15 (full 3):
 PSYoungGen      total 173568K, used 21497K [0x00000000e0000000, 0x00000000ee080000, 0x0000000100000000)
  eden space 152064K, 0% used [0x00000000e0000000,0x00000000e0000000,0x00000000e9480000)
  from space 21504K, 99% used [0x00000000eb200000,0x00000000ec6fe488,0x00000000ec700000)
  to   space 30208K, 0% used [0x00000000e9480000,0x00000000e9480000,0x00000000eb200000)
 ParOldGen       total 261632K, used 51090K [0x00000000a0000000, 0x00000000aff80000, 0x00000000e0000000)
  object space 261632K, 19% used [0x00000000a0000000,0x00000000a31e4ab0,0x00000000aff80000)
 Metaspace       used 68867K, capacity 71388K, committed 71576K, reserved 1112064K
  class space    used 9221K, capacity 9807K, committed 9896K, reserved 1048576K
}

